<?xml version="1.0" encoding="UTF-8"?>
<!-- Generated by org.testng.reporters.JUnitReportReporter -->
<testsuite hostname="DESKTOP-1A0K5DH" failures="0" tests="1" name="com.test.run.FinalPostTestRun" time="3.502" errors="0" timestamp="2023-01-10T16:20:29 EST" skipped="0">
  <testcase classname="com.test.run.FinalPostTestRun" name="postTestCases" time="3.502"/>
  <system-out/>
</testsuite> <!-- com.test.run.FinalPostTestRun -->
